# JRE version: Java(TM) SE Runtime Environment (8.0_341-b10) (build 1.8.0_341-b10)
# Java VM: Java HotSpot(TM) 64-Bit Server VM (25.341-b10 mixed mode windows-amd64 compressed oops)
Heap:
 PSYoungGen      total 278528K, used 150238K [0x00000000d5580000, 0x00000000e9480000, 0x0000000100000000)
  eden space 258048K, 50% used [0x00000000d5580000,0x00000000dd48fb58,0x00000000e5180000)
  from space 20480K, 98% used [0x00000000e8080000,0x00000000e9428098,0x00000000e9480000)
  to   space 24064K, 0% used [0x00000000e6580000,0x00000000e6580000,0x00000000e7d00000)
 ParOldGen       total 223232K, used 44531K [0x0000000080000000, 0x000000008da00000, 0x00000000d5580000)
  object space 223232K, 19% used [0x0000000080000000,0x0000000082b7cf20,0x000000008da00000)
 Metaspace       used 65198K, capacity 71380K, committed 71512K, reserved 1110016K
  class space    used 9592K, capacity 10801K, committed 10880K, reserved 1048576K
GC Heap History (10 events):
Event: 9.400 GC heap before
{Heap before GC invocations=11 (full 2):
 PSYoungGen      total 172544K, used 172461K [0x00000000d5580000, 0x00000000e1d80000, 0x0000000100000000)
  eden space 162304K, 100% used [0x00000000d5580000,0x00000000df400000,0x00000000df400000)
  from space 10240K, 99% used [0x00000000e1380000,0x00000000e1d6b770,0x00000000e1d80000)
  to   space 12800K, 0% used [0x00000000e0480000,0x00000000e0480000,0x00000000e1100000)
 ParOldGen       total 139776K, used 14988K [0x0000000080000000, 0x0000000088880000, 0x00000000d5580000)
  object space 139776K, 10% used [0x0000000080000000,0x0000000080ea31f0,0x0000000088880000)
 Metaspace       used 47996K, capacity 51472K, committed 51712K, reserved 1093632K
  class space    used 6931K, capacity 7637K, committed 7680K, reserved 1048576K
Event: 9.412 GC heap after
Heap after GC invocations=11 (full 2):
 PSYoungGen      total 192000K, used 12784K [0x00000000d5580000, 0x00000000e4b80000, 0x0000000100000000)
  eden space 179200K, 0% used [0x00000000d5580000,0x00000000d5580000,0x00000000e0480000)
  from space 12800K, 99% used [0x00000000e0480000,0x00000000e10fc050,0x00000000e1100000)
  to   space 19456K, 0% used [0x00000000e3880000,0x00000000e3880000,0x00000000e4b80000)
 ParOldGen       total 139776K, used 29030K [0x0000000080000000, 0x0000000088880000, 0x00000000d5580000)
  object space 139776K, 20% used [0x0000000080000000,0x0000000081c59908,0x0000000088880000)
 Metaspace       used 47996K, capacity 51472K, committed 51712K, reserved 1093632K
  class space    used 6931K, capacity 7637K, committed 7680K, reserved 1048576K
}
Event: 11.163 GC heap before
{Heap before GC invocations=12 (full 2):
 PSYoungGen      total 192000K, used 191984K [0x00000000d5580000, 0x00000000e4b80000, 0x0000000100000000)
  eden space 179200K, 100% used [0x00000000d5580000,0x00000000e0480000,0x00000000e0480000)
  from space 12800K, 99% used [0x00000000e0480000,0x00000000e10fc050,0x00000000e1100000)
  to   space 19456K, 0% used [0x00000000e3880000,0x00000000e3880000,0x00000000e4b80000)
 ParOldGen       total 139776K, used 29030K [0x0000000080000000, 0x0000000088880000, 0x00000000d5580000)
  object space 139776K, 20% used [0x0000000080000000,0x0000000081c59908,0x0000000088880000)
 Metaspace       used 53339K, capacity 57828K, committed 57984K, reserved 1099776K
  class space    used 7709K, capacity 8547K, committed 8576K, reserved 1048576K
Event: 11.174 GC heap after
Heap after GC invocations=12 (full 2):
 PSYoungGen      total 228864K, used 19448K [0x00000000d5580000, 0x00000000e6580000, 0x0000000100000000)
  eden space 209408K, 0% used [0x00000000d5580000,0x00000000d5580000,0x00000000e2200000)
  from space 19456K, 99% used [0x00000000e3880000,0x00000000e4b7e080,0x00000000e4b80000)
  to   space 23040K, 0% used [0x00000000e2200000,0x00000000e2200000,0x00000000e3880000)
 ParOldGen       total 139776K, used 32020K [0x0000000080000000, 0x0000000088880000, 0x00000000d5580000)
  object space 139776K, 22% used [0x0000000080000000,0x0000000081f452f0,0x0000000088880000)
 Metaspace       used 53339K, capacity 57828K, committed 57984K, reserved 1099776K
  class space    used 7709K, capacity 8547K, committed 8576K, reserved 1048576K
}
Event: 11.581 GC heap before
{Heap before GC invocations=13 (full 2):
 PSYoungGen      total 228864K, used 61622K [0x00000000d5580000, 0x00000000e6580000, 0x0000000100000000)
  eden space 209408K, 20% used [0x00000000d5580000,0x00000000d7eafaf8,0x00000000e2200000)
  from space 19456K, 99% used [0x00000000e3880000,0x00000000e4b7e080,0x00000000e4b80000)
  to   space 23040K, 0% used [0x00000000e2200000,0x00000000e2200000,0x00000000e3880000)
 ParOldGen       total 139776K, used 32020K [0x0000000080000000, 0x0000000088880000, 0x00000000d5580000)
  object space 139776K, 22% used [0x0000000080000000,0x0000000081f452f0,0x0000000088880000)
 Metaspace       used 54178K, capacity 58926K, committed 59096K, reserved 1099776K
  class space    used 7802K, capacity 8687K, committed 8704K, reserved 1048576K
Event: 11.591 GC heap after
Heap after GC invocations=13 (full 2):
 PSYoungGen      total 232448K, used 11193K [0x00000000d5580000, 0x00000000e9600000, 0x0000000100000000)
  eden space 209408K, 0% used [0x00000000d5580000,0x00000000d5580000,0x00000000e2200000)
  from space 23040K, 48% used [0x00000000e2200000,0x00000000e2cee778,0x00000000e3880000)
  to   space 22016K, 0% used [0x00000000e8080000,0x00000000e8080000,0x00000000e9600000)
 ParOldGen       total 139776K, used 44537K [0x0000000080000000, 0x0000000088880000, 0x00000000d5580000)
  object space 139776K, 31% used [0x0000000080000000,0x0000000082b7e430,0x0000000088880000)
 Metaspace       used 54178K, capacity 58926K, committed 59096K, reserved 1099776K
  class space    used 7802K, capacity 8687K, committed 8704K, reserved 1048576K
}
Event: 11.591 GC heap before
{Heap before GC invocations=14 (full 3):
 PSYoungGen      total 232448K, used 11193K [0x00000000d5580000, 0x00000000e9600000, 0x0000000100000000)
  eden space 209408K, 0% used [0x00000000d5580000,0x00000000d5580000,0x00000000e2200000)
  from space 23040K, 48% used [0x00000000e2200000,0x00000000e2cee778,0x00000000e3880000)
  to   space 22016K, 0% used [0x00000000e8080000,0x00000000e8080000,0x00000000e9600000)
 ParOldGen       total 139776K, used 44537K [0x0000000080000000, 0x0000000088880000, 0x00000000d5580000)
  object space 139776K, 31% used [0x0000000080000000,0x0000000082b7e430,0x0000000088880000)
 Metaspace       used 54178K, capacity 58926K, committed 59096K, reserved 1099776K
  class space    used 7802K, capacity 8687K, committed 8704K, reserved 1048576K
Event: 11.755 GC heap after
Heap after GC invocations=14 (full 3):
 PSYoungGen      total 232448K, used 0K [0x00000000d5580000, 0x00000000e9600000, 0x0000000100000000)
  eden space 209408K, 0% used [0x00000000d5580000,0x00000000d5580000,0x00000000e2200000)
  from space 23040K, 0% used [0x00000000e2200000,0x00000000e2200000,0x00000000e3880000)
  to   space 22016K, 0% used [0x00000000e8080000,0x00000000e8080000,0x00000000e9600000)
 ParOldGen       total 223232K, used 44523K [0x0000000080000000, 0x000000008da00000, 0x00000000d5580000)
  object space 223232K, 19% used [0x0000000080000000,0x0000000082b7af20,0x000000008da00000)
 Metaspace       used 54139K, capacity 58800K, committed 59096K, reserved 1099776K
  class space    used 7790K, capacity 8666K, committed 8704K, reserved 1048576K
}
Event: 13.140 GC heap before
{Heap before GC invocations=15 (full 3):
 PSYoungGen      total 232448K, used 209408K [0x00000000d5580000, 0x00000000e9600000, 0x0000000100000000)
  eden space 209408K, 100% used [0x00000000d5580000,0x00000000e2200000,0x00000000e2200000)
  from space 23040K, 0% used [0x00000000e2200000,0x00000000e2200000,0x00000000e3880000)
  to   space 22016K, 0% used [0x00000000e8080000,0x00000000e8080000,0x00000000e9600000)
 ParOldGen       total 223232K, used 44523K [0x0000000080000000, 0x000000008da00000, 0x00000000d5580000)
  object space 223232K, 19% used [0x0000000080000000,0x0000000082b7af20,0x000000008da00000)
 Metaspace       used 61539K, capacity 67278K, committed 67416K, reserved 1105920K
  class space    used 8924K, capacity 10013K, committed 10112K, reserved 1048576K
Event: 13.151 GC heap after
Heap after GC invocations=15 (full 3):
 PSYoungGen      total 278528K, used 20128K [0x00000000d5580000, 0x00000000e9480000, 0x0000000100000000)
  eden space 258048K, 0% used [0x00000000d5580000,0x00000000d5580000,0x00000000e5180000)
  from space 20480K, 98% used [0x00000000e8080000,0x00000000e9428098,0x00000000e9480000)
  to   space 24064K, 0% used [0x00000000e6580000,0x00000000e6580000,0x00000000e7d00000)
 ParOldGen       total 223232K, used 44531K [0x0000000080000000, 0x000000008da00000, 0x00000000d5580000)
  object space 223232K, 19% used [0x0000000080000000,0x0000000082b7cf20,0x000000008da00000)
 Metaspace       used 61539K, capacity 67278K, committed 67416K, reserved 1105920K
  class space    used 8924K, capacity 10013K, committed 10112K, reserved 1048576K
}

